<?xml version="1.0" encoding="UTF-8"?>
<!-- Generated by org.testng.reporters.JUnitReportReporter -->
<testsuite hostname="sergey-pc" name="sampl.TestCase" tests="1" failures="0" timestamp="28 May 2018 12:26:19 GMT" time="44.901" errors="0">
  <testcase name="addInBuy" time="44.901" classname="sampl.TestCase"/>
</testsuite> <!-- sampl.TestCase -->
