<?xml version="1.0" encoding="UTF-8"?>
<!-- Generated by org.testng.reporters.JUnitReportReporter -->
<testsuite hostname="sergey-pc" name="sampl.TestCasesAuth" tests="1" failures="0" timestamp="28 May 2018 18:59:39 GMT" time="37.836" errors="0">
  <testcase name="authorization" time="37.836" classname="sampl.TestCasesAuth"/>
</testsuite> <!-- sampl.TestCasesAuth -->
